number,value,datetime_start,datetime_complete,duration,params_bagging_temperature,params_border_count,params_depth,params_iterations,params_l2_leaf_reg,params_learning_rate,params_random_strength,state
0,0.9768893047891727,2026-08-10 00:19:36.422081,2026-08-10 00:20:02.869352,0 days 00:00:26.447271,1.5601864044243652,45,10,425,9.381218778758512,0.1205712628744377,1.5599452033620265,COMPLETE
1,0.9752083995605844,2026-08-10 00:20:02.870221,2026-08-10 00:20:23.984922,0 days 00:00:21.114701,9.699098521619943,79,8,720,1.2881829201412343,0.11114989443094977,8.324426408004218,COMPLETE
2,0.9806053288232466,2026-08-10 00:20:23.985747,2026-08-10 00:20:31.352845,0 days 00:00:07.367098,4.319450186421157,169,5,309,8.346590042851329,0.028145092716060652,2.9122914019804194,COMPLETE
3,0.980837610656286,2026-08-10 00:20:31.353675,2026-08-10 00:20:39.338631,0 days 00:00:07.984956,7.851759613930136,147,6,283,7.384979779038503,0.03476649150592621,1.9967378215835974,COMPLETE
4,0.9806288854390754,2026-08-10 00:20:39.339365,2026-08-10 00:20:50.429038,0 days 00:00:11.089673,0.6505159298527952,248,4,556,3.3873377316220816,0.07896186801026692,9.488855372533333,COMPLETE
5,0.980908630986933,2026-08-10 00:20:50.430723,2026-08-10 00:21:06.642261,0 days 00:00:16.211538,4.4015249373960135,142,6,685,10.579262371170197,0.013940346079873234,1.2203823484477883,COMPLETE
6,0.9797294249414848,2026-08-10 00:21:06.643040,2026-08-10 00:21:16.555240,0 days 00:00:09.912200,3.1171107608941098,154,10,220,10.275311980955747,0.024112898115291985,5.200680211778108,COMPLETE
7,0.9783978102788534,2026-08-10 00:21:16.556112,2026-08-10 00:21:34.018861,0 days 00:00:17.462749,8.948273504276488,238,10,311,14.152985181898648,0.13962563737015762,5.978999788110851,COMPLETE
8,0.9790421973017016,2026-08-10 00:21:34.019652,2026-08-10 00:21:40.047596,0 days 00:00:06.027944,3.8867728968948203,217,5,253,5.554624630685701,0.011662890273931383,2.713490317738959,COMPLETE
9,0.9807385161691631,2026-08-10 00:21:40.048404,2026-08-10 00:21:49.293809,0 days 00:00:09.245405,8.021969807540398,253,5,414,2.972939149646677,0.06333268775321843,0.7455064367977082,COMPLETE
10,0.9742949341766141,2026-08-10 00:21:49.294825,2026-08-10 00:22:13.818987,0 days 00:00:24.524162,5.974525658904213,100,8,782,14.05206478676502,0.2704729722717776,5.409439081755479,COMPLETE
11,0.9807801725878932,2026-08-10 00:22:13.819777,2026-08-10 00:22:31.294084,0 days 00:00:17.474307,6.819800116529512,142,7,638,11.602465286775814,0.010179205671557655,0.25642709556290244,COMPLETE
12,0.9808611900292025,2026-08-10 00:22:31.294977,2026-08-10 00:22:44.135025,0 days 00:00:12.840048,5.887518959133416,188,7,500,6.753653341251751,0.025622896109281097,3.0645260141596022,COMPLETE
13,0.9805689575839731,2026-08-10 00:22:44.136179,2026-08-10 00:22:58.146551,0 days 00:00:14.010372,5.328850205746949,191,7,517,5.866868026952156,0.014465048426531969,3.7863077390237967,COMPLETE
14,0.9806498946860861,2026-08-10 00:22:58.147321,2026-08-10 00:23:14.777415,0 days 00:00:16.630094,2.4468829264494225,115,7,622,12.240376591305207,0.017531463780224767,4.286657969084674,COMPLETE
15,0.9807401145260762,2026-08-10 00:23:14.778199,2026-08-10 00:23:29.034064,0 days 00:00:14.255865,5.107979060195149,194,8,456,7.247200056691474,0.040571349170632744,6.907937990595201,COMPLETE
16,0.9810027730500339,2026-08-10 00:23:29.034876,2026-08-10 00:23:45.330490,0 days 00:00:16.295614,6.61770214617297,118,6,665,10.994531136985575,0.02176066088303506,1.4729886833543206,COMPLETE
17,0.9809906617896299,2026-08-10 00:23:45.331491,2026-08-10 00:24:01.838675,0 days 00:00:16.507184,7.36226537450141,114,6,689,11.933692722947072,0.018099203881912614,1.3039002180458603,COMPLETE
18,0.9807982298710073,2026-08-10 00:24:01.839481,2026-08-10 00:24:18.371161,0 days 00:00:16.531680,7.219454805607028,54,4,791,13.035098252737715,0.050793314871402734,0.27219026391196977,COMPLETE
19,0.9805553271720917,2026-08-10 00:24:18.371977,2026-08-10 00:24:42.798205,0 days 00:00:24.426228,8.672255704682563,115,9,597,11.479349165971762,0.02093746253483837,2.190578390384842,COMPLETE
