number,value,datetime_start,datetime_complete,duration,params_activation,params_alpha,params_batch_size,params_hidden_layer_sizes,params_learning_rate_init,params_max_iter,state
0,0.9780989322990556,2026-08-10 00:13:48.303109,2026-08-10 00:13:57.066479,0 days 00:00:08.763370,relu,0.003967605077052989,128,"(128,)",0.006358358856676255,406,COMPLETE
1,0.9780781540758833,2026-08-10 00:13:57.067102,2026-08-10 00:14:08.391257,0 days 00:00:11.324155,tanh,2.621087878265438e-05,128,"(128, 64)",0.0007523742884534858,557,COMPLETE
2,0.9780137614728137,2026-08-10 00:14:08.391939,2026-08-10 00:14:18.163922,0 days 00:00:09.771983,tanh,0.002661901888489057,64,"(64, 32)",0.0008200518402245837,548,COMPLETE
3,0.975060111612079,2026-08-10 00:14:18.164502,2026-08-10 00:14:25.200115,0 days 00:00:07.035613,tanh,3.585612610345396e-05,64,"(128,)",0.08105016126411585,761,COMPLETE
4,0.9774478572132252,2026-08-10 00:14:25.200822,2026-08-10 00:14:57.370189,0 days 00:00:32.169367,tanh,0.00011756010900231849,128,"(256, 128)",0.0006963114377829289,794,COMPLETE
5,0.9782994786710173,2026-08-10 00:14:57.370942,2026-08-10 00:15:13.970283,0 days 00:00:16.599341,tanh,1.667761543019792e-05,64,"(128, 64)",0.0011895896737553553,331,COMPLETE
6,0.9780904879454889,2026-08-10 00:15:13.970958,2026-08-10 00:15:43.900043,0 days 00:00:29.929085,relu,0.0013795402040204172,64,"(256, 128)",0.019158219548093176,514,COMPLETE
7,0.9782348948812863,2026-08-10 00:15:43.900710,2026-08-10 00:16:03.323163,0 days 00:00:19.422453,tanh,5.59598687800608e-05,32,"(128, 64)",0.001702741688676441,380,COMPLETE
8,0.9760105432416559,2026-08-10 00:16:03.323642,2026-08-10 00:16:12.700137,0 days 00:00:09.376495,tanh,0.0004149795789891589,32,"(64,)",0.026443593078398657,513,COMPLETE
9,0.9781303135789081,2026-08-10 00:16:12.700730,2026-08-10 00:16:15.005256,0 days 00:00:02.304526,relu,0.00010300196600986775,128,"(128,)",0.067410742656407,786,COMPLETE
10,0.9781686924377659,2026-08-10 00:16:15.005961,2026-08-10 00:16:35.386278,0 days 00:00:20.380317,relu,1.0535179945522751e-05,256,"(128, 64)",0.00011321021804230406,667,COMPLETE
11,0.9775773034203616,2026-08-10 00:16:35.386927,2026-08-10 00:16:54.640446,0 days 00:00:19.253519,tanh,1.1717604642754696e-05,32,"(128, 64)",0.00379993498557666,302,COMPLETE
12,0.9783739344484165,2026-08-10 00:16:54.641121,2026-08-10 00:17:15.352274,0 days 00:00:20.711153,tanh,0.00010654865730022565,32,"(128, 64)",0.0023435109820020717,303,COMPLETE
13,0.9746931554123671,2026-08-10 00:17:15.353015,2026-08-10 00:17:47.054344,0 days 00:00:31.701329,tanh,0.0003811069371855068,256,"(128, 64)",0.00019356280003282445,314,COMPLETE
14,0.9772654905425993,2026-08-10 00:17:47.055050,2026-08-10 00:17:58.692514,0 days 00:00:11.637464,tanh,0.000277885239523693,32,"(64,)",0.003693632480510016,398,COMPLETE
15,0.9779446725866275,2026-08-10 00:17:58.693236,2026-08-10 00:18:10.480621,0 days 00:00:11.787385,tanh,0.00013032006633848932,64,"(64, 32)",0.0003453100076077695,356,COMPLETE
16,0.9784006311111654,2026-08-10 00:18:10.481108,2026-08-10 00:18:23.756947,0 days 00:00:13.275839,tanh,2.2622166869419898e-05,64,"(128, 64)",0.0017704937612248424,454,COMPLETE
17,0.9762188941979124,2026-08-10 00:18:23.757438,2026-08-10 00:18:54.625411,0 days 00:00:30.867973,tanh,5.2437566647432846e-05,32,"(128, 64)",0.009486058845824503,444,COMPLETE
18,0.978294096051983,2026-08-10 00:18:54.626258,2026-08-10 00:19:03.293672,0 days 00:00:08.667414,relu,0.008872754604813387,256,"(128, 64)",0.0024688771950536026,462,COMPLETE
19,0.9779334399615001,2026-08-10 00:19:03.294237,2026-08-10 00:19:15.422515,0 days 00:00:12.128278,tanh,0.0008524328181910789,64,"(64, 32)",0.0003514524523078966,647,COMPLETE
