number,value,datetime_start,datetime_complete,duration,params_colsample_bytree,params_gamma,params_learning_rate,params_max_depth,params_min_child_weight,params_n_estimators,params_reg_alpha,params_reg_lambda,params_subsample,state
0,0.9809135795506698,2026-08-10 00:11:54.855374,2026-08-10 00:12:01.918845,0 days 00:00:07.063471,0.6624074561769746,0.7799726016810132,0.1205712628744377,10,1,425,4.330880728874676,6.41003510568888,0.8394633936788146,COMPLETE
1,0.9808682675726381,2026-08-10 00:12:01.919645,2026-08-10 00:12:05.333102,0 days 00:00:03.413457,0.6849356442713105,0.9091248360355031,0.2708160864249968,3,2,625,1.5212112147976886,5.72280788469014,0.9329770563201687,COMPLETE
2,0.9809777084461938,2026-08-10 00:12:05.333830,2026-08-10 00:12:08.519067,0 days 00:00:03.185237,0.7168578594140873,1.8318092164684585,0.08012737503998542,5,5,459,3.925879806965068,2.7970640394252375,0.6557975442608167,COMPLETE
3,0.9805847122529705,2026-08-10 00:12:08.519719,2026-08-10 00:12:12.428792,0 days 00:00:03.909073,0.6682096494749166,0.3252579649263976,0.011711509955524094,7,10,509,4.828160165372797,8.275576133048151,0.8430179407605753,COMPLETE
4,0.9808498660167423,2026-08-10 00:12:12.429979,2026-08-10 00:12:14.288851,0 days 00:00:01.858872,0.6488152939379115,2.475884550556351,0.1024932221692416,3,1,383,4.546602010393911,3.3290198344001523,0.7760609974958406,COMPLETE
5,0.9805562476600604,2026-08-10 00:12:14.289587,2026-08-10 00:12:17.066687,0 days 00:00:02.777100,0.6739417822102108,4.847923138822793,0.05864129169696527,5,8,598,4.697494707820946,9.053446153848839,0.8186841117373118,COMPLETE
6,0.9808973833296527,2026-08-10 00:12:17.067428,2026-08-10 00:12:20.784365,0 days 00:00:03.716937,0.6180909155642152,1.6266516538163218,0.01351182947645082,10,4,559,1.3567451588694794,8.458637582367365,0.6783931449676581,COMPLETE
7,0.9804411933123524,2026-08-10 00:12:20.785056,2026-08-10 00:12:23.620396,0 days 00:00:02.835340,0.9208787923016158,0.3727532183988541,0.06333268775321843,5,10,414,3.861223846483287,2.7884411338075514,0.6563696899899051,COMPLETE
8,0.9795231818998411,2026-08-10 00:12:23.620991,2026-08-10 00:12:25.188956,0 days 00:00:01.567965,0.9085081386743783,0.3702232586704518,0.11069143219393454,9,4,203,0.5793452976256486,8.767930832880342,0.8916028672163949,COMPLETE
9,0.9802294752879727,2026-08-10 00:12:25.189526,2026-08-10 00:12:29.019476,0 days 00:00:03.829950,0.7300733288106989,3.64803089169032,0.012413189635294229,5,7,574,4.436063712881633,5.249934326457543,0.7243929286862649,COMPLETE
10,0.9809600789012096,2026-08-10 00:12:29.020092,2026-08-10 00:12:33.091259,0 days 00:00:04.071167,0.8102109831542077,2.876040334076363,0.027603348476911576,7,6,772,2.969008343156575,1.4680771265770374,0.6071847502459279,COMPLETE
11,0.9810195886059606,2026-08-10 00:12:33.091939,2026-08-10 00:12:37.352970,0 days 00:00:04.261031,0.7922617413665514,2.4094816483166484,0.027190067234190405,7,6,798,3.092980660150767,1.04386005208446,0.6080164944969302,COMPLETE
12,0.9810346979606571,2026-08-10 00:12:37.353592,2026-08-10 00:12:41.581351,0 days 00:00:04.227759,0.7874820875551369,1.8874714269275885,0.029441447233007734,7,4,760,2.966245800818128,1.0279826414494102,0.6028420826290251,COMPLETE
13,0.9809384914469815,2026-08-10 00:12:41.582057,2026-08-10 00:12:45.788098,0 days 00:00:04.206041,0.8159194743940913,3.273674342330768,0.029863217702920674,7,3,798,2.848509104740411,1.1646292955748336,0.6007382813031037,COMPLETE
14,0.9807804865106993,2026-08-10 00:12:45.788684,2026-08-10 00:12:48.946767,0 days 00:00:03.158083,0.8103494117703739,1.8339481554371881,0.03359314197130442,8,8,692,2.996019031258517,1.982460476009943,0.9984067957444853,COMPLETE
15,0.9807887473400134,2026-08-10 00:12:48.947444,2026-08-10 00:12:52.813259,0 days 00:00:03.865815,0.8561711433906496,3.913624475753598,0.020238622121753112,8,6,709,2.4702785878625138,4.0586078360418645,0.7195313596162571,COMPLETE
16,0.9810368767215696,2026-08-10 00:12:52.814010,2026-08-10 00:12:57.372148,0 days 00:00:04.558138,0.7544524989794631,2.4144108467182464,0.041176199730169095,6,4,697,1.9438459739319311,1.1186129294283118,0.60100529022486,COMPLETE
17,0.9809664395165563,2026-08-10 00:12:57.372853,2026-08-10 00:13:01.058552,0 days 00:00:03.685699,0.742361322295768,1.5181873105117045,0.0454003744102823,6,3,686,1.664120814330841,2.1536825289218555,0.6986149158237469,COMPLETE
18,0.9808511196777807,2026-08-10 00:13:01.059348,2026-08-10 00:13:05.121511,0 days 00:00:04.062163,0.8695307459424749,2.36061287588024,0.01865366775523775,4,4,725,2.3037755213153366,4.083461068061051,0.637621853623395,COMPLETE
19,0.9808818130009767,2026-08-10 00:13:05.122229,2026-08-10 00:13:08.201063,0 days 00:00:03.078834,0.7640881690357239,4.3608530960187775,0.04341229311571258,6,3,633,0.4579813084554052,2.2355304659568596,0.7614831375266584,COMPLETE
